Wed 20 Mar 2024 01:58:24 PM UTC: 
 tests:  0|5
total_score: 0/70
b5ec0a7
Wed 20 Mar 2024 02:05:46 PM UTC: 
 exercises.c | 10 ++++++++++
 1 file changed, 10 insertions(+)
In file included from test.c:5:
exercises.c: In function ‘crea_lista’:
exercises.c:50:11: error: assignment to ‘int’ from ‘int *’ makes integer from pointer without a cast [-Werror=int-conversion]
   50 |        *i = i;
      |           ^
cc1: all warnings being treated as errors
Compilation failed
b1f7080
Wed 20 Mar 2024 02:07:44 PM UTC: 
 exercises.c | 5 +----
 1 file changed, 1 insertion(+), 4 deletions(-)
 tests:  0|5
total_score: 0/70
6aa352f
Wed 20 Mar 2024 02:08:06 PM UTC: 
 exercises.c | 2 +-
 1 file changed, 1 insertion(+), 1 deletion(-)
 tests:  0|5
total_score: 0/70
2a1029d
Wed 20 Mar 2024 02:08:50 PM UTC: 
 exercises.c | 3 ++-
 1 file changed, 2 insertions(+), 1 deletion(-)
In file included from test.c:5:
exercises.c: In function ‘crea_lista’:
exercises.c:50:13: error: expected expression before ‘int’
   50 |        push(int* i, L)
      |             ^~~
exercises.c:50:8: error: too few arguments to function ‘push’
   50 |        push(int* i, L)
      |        ^~~~
In file included from exercises.c:7,
                 from test.c:5:
stack.h:11:6: note: declared here
   11 | void push(Stack *stack, void *data) { pushFront(stack, data); }
      |      ^~~~
In file included from test.c:5:
exercises.c:50:23: error: expected ‘;’ before ‘next’
   50 |        push(int* i, L)
      |                       ^
      |                       ;
   51 | 
   52 |        next(L);
      |        ~~~~            
exercises.c:49:13: error: unused variable ‘i’ [-Werror=unused-variable]
   49 |        int* i = (int*)malloc(sizeof(int));
      |             ^
cc1: all warnings being treated as errors
Compilation failed
aeb8a16
Wed 20 Mar 2024 02:08:55 PM UTC: 
 exercises.c | 2 +-
 1 file changed, 1 insertion(+), 1 deletion(-)
In file included from test.c:5:
exercises.c: In function ‘crea_lista’:
exercises.c:50:13: error: expected expression before ‘int’
   50 |        push(int* i, L);
      |             ^~~
exercises.c:50:8: error: too few arguments to function ‘push’
   50 |        push(int* i, L);
      |        ^~~~
In file included from exercises.c:7,
                 from test.c:5:
stack.h:11:6: note: declared here
   11 | void push(Stack *stack, void *data) { pushFront(stack, data); }
      |      ^~~~
In file included from test.c:5:
exercises.c:49:13: error: unused variable ‘i’ [-Werror=unused-variable]
   49 |        int* i = (int*)malloc(sizeof(int));
      |             ^
cc1: all warnings being treated as errors
Compilation failed
b5edce1
Wed 20 Mar 2024 02:09:10 PM UTC: 
 exercises.c | 2 +-
 1 file changed, 1 insertion(+), 1 deletion(-)
In file included from test.c:5:
exercises.c: In function ‘crea_lista’:
exercises.c:50:13: error: passing argument 1 of ‘push’ from incompatible pointer type [-Werror=incompatible-pointer-types]
   50 |        push(i, L);
      |             ^
      |             |
      |             int *
In file included from exercises.c:7,
                 from test.c:5:
stack.h:11:18: note: expected ‘Stack *’ {aka ‘List *’} but argument is of type ‘int *’
   11 | void push(Stack *stack, void *data) { pushFront(stack, data); }
      |           ~~~~~~~^~~~~
cc1: all warnings being treated as errors
Compilation failed
8c5da9f
Wed 20 Mar 2024 02:09:18 PM UTC: 
 exercises.c | 2 +-
 1 file changed, 1 insertion(+), 1 deletion(-)
In file included from test.c:5:
exercises.c: In function ‘crea_lista’:
exercises.c:50:15: error: expected expression before ‘,’ token
   50 |        push(i*, L);
      |               ^
Compilation failed
8274341
Wed 20 Mar 2024 02:09:24 PM UTC: 
 exercises.c | 2 +-
 1 file changed, 1 insertion(+), 1 deletion(-)
In file included from test.c:5:
exercises.c: In function ‘crea_lista’:
exercises.c:50:14: error: invalid operands to binary * (have ‘int *’ and ‘List *’)
   50 |        push(i* L);
      |              ^
exercises.c:50:8: error: too few arguments to function ‘push’
   50 |        push(i* L);
      |        ^~~~
In file included from exercises.c:7,
                 from test.c:5:
stack.h:11:6: note: declared here
   11 | void push(Stack *stack, void *data) { pushFront(stack, data); }
      |      ^~~~
Compilation failed
dc24800
Wed 20 Mar 2024 02:10:19 PM UTC: 
 exercises.c | 2 +-
 1 file changed, 1 insertion(+), 1 deletion(-)
 tests:  0|5
total_score: 0/70
85412e9
Wed 20 Mar 2024 02:11:13 PM UTC: 
 exercises.c | 2 +-
 1 file changed, 1 insertion(+), 1 deletion(-)
In file included from test.c:5:
exercises.c: In function ‘crea_lista’:
exercises.c:49:8: error: variable-sized object may not be initialized
   49 |        int* l[i] = (int*)malloc(sizeof(int));
      |        ^~~
exercises.c:50:21: error: passing argument 2 of ‘pushFront’ makes pointer from integer without a cast [-Werror=int-conversion]
   50 |        pushFront(L, i);
      |                     ^
      |                     |
      |                     int
In file included from exercises.c:6,
                 from test.c:5:
arraylist.h:17:31: note: expected ‘void *’ but argument is of type ‘int’
   17 | void pushFront(List *L, void *dato);
      |                         ~~~~~~^~~~
In file included from test.c:5:
exercises.c:49:13: error: unused variable ‘l’ [-Werror=unused-variable]
   49 |        int* l[i] = (int*)malloc(sizeof(int));
      |             ^
cc1: all warnings being treated as errors
Compilation failed
6e643a5
Wed 20 Mar 2024 02:11:35 PM UTC: 
 exercises.c | 5 +----
 1 file changed, 1 insertion(+), 4 deletions(-)
In file included from test.c:5:
exercises.c: In function ‘crea_lista’:
exercises.c:49:13: error: unused variable ‘i’ [-Werror=unused-variable]
   49 |        int* i = (int*)malloc(sizeof(int));
      |             ^
cc1: all warnings being treated as errors
Compilation failed
77284ab
Wed 20 Mar 2024 02:12:09 PM UTC: 
 exercises.c | 7 ++++++-
 1 file changed, 6 insertions(+), 1 deletion(-)
 tests:  2|3
total_score: 20/70
a3fbc51
Wed 20 Mar 2024 02:16:15 PM UTC: 
 exercises.c | 10 ++++++++--
 1 file changed, 8 insertions(+), 2 deletions(-)
 tests:  1|4
total_score: 10/70
fa92ce2
Wed 20 Mar 2024 02:17:09 PM UTC: 
 exercises.c | 2 +-
 1 file changed, 1 insertion(+), 1 deletion(-)
 tests:  1|4
total_score: 10/70
00b0b0c
Wed 20 Mar 2024 02:17:33 PM UTC: 
 exercises.c | 2 +-
 1 file changed, 1 insertion(+), 1 deletion(-)
 tests:  1|4
total_score: 10/70
0d2ad46
Wed 20 Mar 2024 02:20:42 PM UTC: 
 exercises.c | 3 ++-
 1 file changed, 2 insertions(+), 1 deletion(-)
In file included from test.c:5:
exercises.c: In function ‘sumaLista’:
exercises.c:65:9: error: ‘lista’ undeclared (first use in this function)
   65 |   while(lista != NULL)
      |         ^~~~~
exercises.c:65:9: note: each undeclared identifier is reported only once for each function it appears in
Compilation failed
e60058d
Wed 20 Mar 2024 02:21:29 PM UTC: 
 exercises.c | 4 +++-
 1 file changed, 3 insertions(+), 1 deletion(-)
 tests:  0|0
c2903d0
Wed 20 Mar 2024 02:23:46 PM UTC: 
 exercises.c | 7 ++-----
 1 file changed, 2 insertions(+), 5 deletions(-)
In file included from test.c:5:
exercises.c: In function ‘sumaLista’:
exercises.c:66:22: error: implicit declaration of function ‘get_element_at’ [-Werror=implicit-function-declaration]
   66 |     suma += *((int *)get_element_at(L, i));
      |                      ^~~~~~~~~~~~~~
exercises.c:66:15: error: cast to pointer from integer of different size [-Werror=int-to-pointer-cast]
   66 |     suma += *((int *)get_element_at(L, i));
      |               ^
cc1: all warnings being treated as errors
Compilation failed
5310e9f
Wed 20 Mar 2024 02:24:15 PM UTC: 
 exercises.c | 4 ++--
 1 file changed, 2 insertions(+), 2 deletions(-)
In file included from test.c:5:
exercises.c: In function ‘sumaLista’:
exercises.c:64:30: error: passing argument 1 of ‘strlen’ from incompatible pointer type [-Werror=incompatible-pointer-types]
   64 |   for (int i = 0; i < strlen(L); i++)
      |                              ^
      |                              |
      |                              List *
In file included from test.c:3:
/nix/store/4pqv2mwdn88h7xvsm7a5zplrd8sxzvw0-glibc-2.35-163-dev/include/string.h:407:35: note: expected ‘const char *’ but argument is of type ‘List *’
  407 | extern size_t strlen (const char *__s)
      |                       ~~~~~~~~~~~~^~~
In file included from test.c:5:
exercises.c:66:24: error: left-hand operand of comma expression has no effect [-Werror=unused-value]
   66 |     suma += *((int *)(L, i));
      |                        ^
exercises.c:66:15: error: cast to pointer from integer of different size [-Werror=int-to-pointer-cast]
   66 |     suma += *((int *)(L, i));
      |               ^
cc1: all warnings being treated as errors
Compilation failed
48cec9f
Wed 20 Mar 2024 02:26:11 PM UTC: 
 exercises.c | 4 ++--
 1 file changed, 2 insertions(+), 2 deletions(-)
In file included from test.c:5:
exercises.c: In function ‘sumaLista’:
exercises.c:66:22: error: implicit declaration of function ‘get’; did you mean ‘getw’? [-Werror=implicit-function-declaration]
   66 |     suma += *((int *)get(L, i));
      |                      ^~~
      |                      getw
exercises.c:66:15: error: cast to pointer from integer of different size [-Werror=int-to-pointer-cast]
   66 |     suma += *((int *)get(L, i));
      |               ^
cc1: all warnings being treated as errors
Compilation failed
3a00bee
Wed 20 Mar 2024 02:26:16 PM UTC: 
 exercises.c | 2 +-
 1 file changed, 1 insertion(+), 1 deletion(-)
In file included from test.c:5:
exercises.c: In function ‘sumaLista’:
exercises.c:66:27: error: passing argument 1 of ‘getw’ from incompatible pointer type [-Werror=incompatible-pointer-types]
   66 |     suma += *((int *)getw(L, i));
      |                           ^
      |                           |
      |                           List *
In file included from test.c:1:
/nix/store/4pqv2mwdn88h7xvsm7a5zplrd8sxzvw0-glibc-2.35-163-dev/include/stdio.h:581:24: note: expected ‘FILE *’ but argument is of type ‘List *’
  581 | extern int getw (FILE *__stream);
      |                  ~~~~~~^~~~~~~~
In file included from test.c:5:
exercises.c:66:22: error: too many arguments to function ‘getw’
   66 |     suma += *((int *)getw(L, i));
      |                      ^~~~
In file included from test.c:1:
/nix/store/4pqv2mwdn88h7xvsm7a5zplrd8sxzvw0-glibc-2.35-163-dev/include/stdio.h:581:12: note: declared here
  581 | extern int getw (FILE *__stream);
      |            ^~~~
In file included from test.c:5:
exercises.c:66:15: error: cast to pointer from integer of different size [-Werror=int-to-pointer-cast]
   66 |     suma += *((int *)getw(L, i));
      |               ^
cc1: all warnings being treated as errors
Compilation failed
e544245
Wed 20 Mar 2024 02:26:23 PM UTC: 
 exercises.c | 2 +-
 1 file changed, 1 insertion(+), 1 deletion(-)
In file included from test.c:5:
exercises.c: In function ‘sumaLista’:
exercises.c:66:26: error: passing argument 1 of ‘getw’ from incompatible pointer type [-Werror=incompatible-pointer-types]
   66 |     suma += *(int *)getw(L, i));
      |                          ^
      |                          |
      |                          List *
In file included from test.c:1:
/nix/store/4pqv2mwdn88h7xvsm7a5zplrd8sxzvw0-glibc-2.35-163-dev/include/stdio.h:581:24: note: expected ‘FILE *’ but argument is of type ‘List *’
  581 | extern int getw (FILE *__stream);
      |                  ~~~~~~^~~~~~~~
In file included from test.c:5:
exercises.c:66:21: error: too many arguments to function ‘getw’
   66 |     suma += *(int *)getw(L, i));
      |                     ^~~~
In file included from test.c:1:
/nix/store/4pqv2mwdn88h7xvsm7a5zplrd8sxzvw0-glibc-2.35-163-dev/include/stdio.h:581:12: note: declared here
  581 | extern int getw (FILE *__stream);
      |            ^~~~
In file included from test.c:5:
exercises.c:66:14: error: cast to pointer from integer of different size [-Werror=int-to-pointer-cast]
   66 |     suma += *(int *)getw(L, i));
      |              ^
exercises.c:66:31: error: expected ‘;’ before ‘)’ token
   66 |     suma += *(int *)getw(L, i));
      |                               ^
      |                               ;
exercises.c:66:31: error: expected statement before ‘)’ token
cc1: all warnings being treated as errors
Compilation failed
51ecb92
Wed 20 Mar 2024 02:26:27 PM UTC: 
 exercises.c | 2 +-
 1 file changed, 1 insertion(+), 1 deletion(-)
In file included from test.c:5:
exercises.c: In function ‘sumaLista’:
exercises.c:66:26: error: passing argument 1 of ‘getw’ from incompatible pointer type [-Werror=incompatible-pointer-types]
   66 |     suma += *(int *)getw(L, i);
      |                          ^
      |                          |
      |                          List *
In file included from test.c:1:
/nix/store/4pqv2mwdn88h7xvsm7a5zplrd8sxzvw0-glibc-2.35-163-dev/include/stdio.h:581:24: note: expected ‘FILE *’ but argument is of type ‘List *’
  581 | extern int getw (FILE *__stream);
      |                  ~~~~~~^~~~~~~~
In file included from test.c:5:
exercises.c:66:21: error: too many arguments to function ‘getw’
   66 |     suma += *(int *)getw(L, i);
      |                     ^~~~
In file included from test.c:1:
/nix/store/4pqv2mwdn88h7xvsm7a5zplrd8sxzvw0-glibc-2.35-163-dev/include/stdio.h:581:12: note: declared here
  581 | extern int getw (FILE *__stream);
      |            ^~~~
In file included from test.c:5:
exercises.c:66:14: error: cast to pointer from integer of different size [-Werror=int-to-pointer-cast]
   66 |     suma += *(int *)getw(L, i);
      |              ^
cc1: all warnings being treated as errors
Compilation failed
cb61e4e
Wed 20 Mar 2024 02:26:35 PM UTC: 
 exercises.c | 2 +-
 1 file changed, 1 insertion(+), 1 deletion(-)
In file included from test.c:5:
exercises.c: In function ‘sumaLista’:
exercises.c:66:14: error: expected expression before ‘int’
   66 |     suma += *int *)getw(L, i);
      |              ^~~
exercises.c:66:19: error: expected statement before ‘)’ token
   66 |     suma += *int *)getw(L, i);
      |                   ^
exercises.c:66:25: error: passing argument 1 of ‘getw’ from incompatible pointer type [-Werror=incompatible-pointer-types]
   66 |     suma += *int *)getw(L, i);
      |                         ^
      |                         |
      |                         List *
In file included from test.c:1:
/nix/store/4pqv2mwdn88h7xvsm7a5zplrd8sxzvw0-glibc-2.35-163-dev/include/stdio.h:581:24: note: expected ‘FILE *’ but argument is of type ‘List *’
  581 | extern int getw (FILE *__stream);
      |                  ~~~~~~^~~~~~~~
In file included from test.c:5:
exercises.c:66:20: error: too many arguments to function ‘getw’
   66 |     suma += *int *)getw(L, i);
      |                    ^~~~
In file included from test.c:1:
/nix/store/4pqv2mwdn88h7xvsm7a5zplrd8sxzvw0-glibc-2.35-163-dev/include/stdio.h:581:12: note: declared here
  581 | extern int getw (FILE *__stream);
      |            ^~~~
cc1: all warnings being treated as errors
Compilation failed
ac3c54f
Wed 20 Mar 2024 02:27:01 PM UTC: 
 exercises.c | 2 +-
 1 file changed, 1 insertion(+), 1 deletion(-)
In file included from test.c:5:
exercises.c: In function ‘sumaLista’:
exercises.c:66:20: error: implicit declaration of function ‘get’; did you mean ‘getw’? [-Werror=implicit-function-declaration]
   66 |     suma += *(int*)get(L, i);
      |                    ^~~
      |                    getw
exercises.c:66:14: error: cast to pointer from integer of different size [-Werror=int-to-pointer-cast]
   66 |     suma += *(int*)get(L, i);
      |              ^
cc1: all warnings being treated as errors
Compilation failed
aebb971
Wed 20 Mar 2024 02:29:12 PM UTC: 
 exercises.c | 6 ++----
 1 file changed, 2 insertions(+), 4 deletions(-)
In file included from test.c:5:
exercises.c: In function ‘sumaLista’:
exercises.c:64:32: error: expected expression before ‘List’
   64 |   for (int i = 0; i < get_size(List *L); i++) {
      |                                ^~~~
exercises.c:65:16: error: invalid use of undefined type ‘struct List’
   65 |       suma += L[i];
      |                ^
exercises.c:65:15: error: invalid use of incomplete typedef ‘List’
   65 |       suma += L[i];
      |               ^
Compilation failed
54c979d
Wed 20 Mar 2024 02:29:20 PM UTC: 
 exercises.c | 2 +-
 1 file changed, 1 insertion(+), 1 deletion(-)
In file included from test.c:5:
exercises.c: In function ‘sumaLista’:
exercises.c:64:32: error: invalid use of incomplete typedef ‘List’
   64 |   for (int i = 0; i < get_size(*L); i++) {
      |                                ^~
exercises.c:65:16: error: invalid use of undefined type ‘struct List’
   65 |       suma += L[i];
      |                ^
exercises.c:65:15: error: invalid use of incomplete typedef ‘List’
   65 |       suma += L[i];
      |               ^
Compilation failed
0bb622a
Wed 20 Mar 2024 02:29:25 PM UTC: 
 exercises.c | 2 +-
 1 file changed, 1 insertion(+), 1 deletion(-)
In file included from test.c:5:
exercises.c: In function ‘sumaLista’:
exercises.c:65:16: error: invalid use of undefined type ‘struct List’
   65 |       suma += L[i];
      |                ^
exercises.c:65:15: error: invalid use of incomplete typedef ‘List’
   65 |       suma += L[i];
      |               ^
Compilation failed
9def186
Wed 20 Mar 2024 02:32:01 PM UTC: 
 exercises.c | 3 ++-
 1 file changed, 2 insertions(+), 1 deletion(-)
In file included from test.c:5:
exercises.c: In function ‘sumaLista’:
exercises.c:65:12: error: assignment to ‘int’ from ‘void *’ makes integer from pointer without a cast [-Werror=int-conversion]
   65 |       suma += first(L);
      |            ^~
cc1: all warnings being treated as errors
Compilation failed
79fa712
Wed 20 Mar 2024 02:35:14 PM UTC: 
 exercises.c | 8 +++++---
 1 file changed, 5 insertions(+), 3 deletions(-)
 tests:  2|3
total_score: 20/70
fb4c753
Wed 20 Mar 2024 02:41:34 PM UTC: 
 exercises.c | 12 ++++++++++--
 1 file changed, 10 insertions(+), 2 deletions(-)
 tests:  2|3
total_score: 20/70
d84199e
Wed 20 Mar 2024 02:42:24 PM UTC: 
 exercises.c | 3 +++
 1 file changed, 3 insertions(+)
In file included from test.c:5:
exercises.c: In function ‘eliminaElementos’:
exercises.c:94:14: error: ‘i’ undeclared (first use in this function)
   94 |   *primero = i;
      |              ^
exercises.c:94:14: note: each undeclared identifier is reported only once for each function it appears in
Compilation failed
2510694
Wed 20 Mar 2024 02:42:32 PM UTC: 
 exercises.c | 3 ---
 1 file changed, 3 deletions(-)
 tests:  2|3
total_score: 20/70
bc6c5db
Wed 20 Mar 2024 02:42:58 PM UTC: 
 exercises.c | 1 +
 1 file changed, 1 insertion(+)
In file included from test.c:5:
exercises.c: In function ‘eliminaElementos’:
exercises.c:87:7: error: this ‘if’ clause does not guard... [-Werror=misleading-indentation]
   87 |       if (*primero == elem)
      |       ^~
exercises.c:89:9: note: ...this statement, but the latter is misleadingly indented as if it were guarded by the ‘if’
   89 |         primero = next(L);
      |         ^~~~~~~
exercises.c:90:7: error: ‘else’ without a previous ‘if’
   90 |       else
      |       ^~~~
cc1: all warnings being treated as errors
Compilation failed
3c8bc89
Wed 20 Mar 2024 02:44:33 PM UTC: 
 exercises.c | 4 +---
 1 file changed, 1 insertion(+), 3 deletions(-)
 tests:  3|2
total_score: 40/70
d468347
Wed 20 Mar 2024 02:53:28 PM UTC: 
 exercises.c | 10 +++++++++-
 1 file changed, 9 insertions(+), 1 deletion(-)
 tests:  0|0
cf018b7
Wed 20 Mar 2024 02:54:42 PM UTC: 
 exercises.c | 1 +
 1 file changed, 1 insertion(+)
 tests:  3|2
total_score: 40/70
651a6ad
Wed 20 Mar 2024 02:56:50 PM UTC: 
 exercises.c | 6 ++++++
 1 file changed, 6 insertions(+)
In file included from test.c:5:
exercises.c: In function ‘copia_pila’:
exercises.c:113:20: error: ‘aux’ undeclared (first use in this function)
  113 |       push(P1, top(aux));
      |                    ^~~
exercises.c:113:20: note: each undeclared identifier is reported only once for each function it appears in
Compilation failed
31dfc7f
Wed 20 Mar 2024 02:56:58 PM UTC: 
 exercises.c | 2 +-
 1 file changed, 1 insertion(+), 1 deletion(-)
 tests:  3|2
total_score: 40/70
8507de8
Wed 20 Mar 2024 02:59:09 PM UTC: 
 exercises.c | 6 +++---
 1 file changed, 3 insertions(+), 3 deletions(-)
 tests:  4|1
total_score: 50/70
ad95786
Wed 20 Mar 2024 03:02:52 PM UTC: 
 exercises.c | 17 ++++++++++++++---
 1 file changed, 14 insertions(+), 3 deletions(-)
In file included from test.c:5:
exercises.c: In function ‘parentesisBalanceados’:
exercises.c:130:28: error: expected statement before ‘)’ token
  130 |   while (cadena[i] != '\0'))
      |                            ^
exercises.c:134:23: error: passing argument 2 of ‘push’ makes pointer from integer without a cast [-Werror=int-conversion]
  134 |         push(P, cadena[i]);
      |                 ~~~~~~^~~
      |                       |
      |                       char
In file included from exercises.c:7,
                 from test.c:5:
stack.h:11:31: note: expected ‘void *’ but argument is of type ‘char’
   11 | void push(Stack *stack, void *data) { pushFront(stack, data); }
      |                         ~~~~~~^~~~
In file included from test.c:6:
arraylist.c: In function ‘create_list’:
arraylist.c:15:34: error: invalid application of ‘sizeof’ to incomplete type ‘List’
   15 |   List* L = (List*)malloc(sizeof(List));
      |                                  ^~~~
arraylist.c:16:4: error: invalid use of incomplete typedef ‘List’
   16 |   L->current = 0;
      |    ^~
arraylist.c:17:4: error: invalid use of incomplete typedef ‘List’
   17 |   L->size = 0;
      |    ^~
arraylist.c: In function ‘first’:
arraylist.c:22:7: error: invalid use of incomplete typedef ‘List’
   22 |   if(L->size == 0) {
      |       ^~
arraylist.c:25:4: error: invalid use of incomplete typedef ‘List’
   25 |   L->current = 0;
      |    ^~
arraylist.c:26:11: error: invalid use of incomplete typedef ‘List’
   26 |   return L->data[L->current];
      |           ^~
arraylist.c:26:19: error: invalid use of incomplete typedef ‘List’
   26 |   return L->data[L->current];
      |                   ^~
arraylist.c: In function ‘next’:
arraylist.c:30:7: error: invalid use of incomplete typedef ‘List’
   30 |   if(L->current < L->size - 1) {
      |       ^~
arraylist.c:30:20: error: invalid use of incomplete typedef ‘List’
   30 |   if(L->current < L->size - 1) {
      |                    ^~
arraylist.c:31:6: error: invalid use of incomplete typedef ‘List’
   31 |     L->current++;
      |      ^~
arraylist.c:32:13: error: invalid use of incomplete typedef ‘List’
   32 |     return L->data[L->current];
      |             ^~
arraylist.c:32:21: error: invalid use of incomplete typedef ‘List’
   32 |     return L->data[L->current];
      |                     ^~
arraylist.c: In function ‘pushFront’:
arraylist.c:38:7: error: invalid use of incomplete typedef ‘List’
   38 |   if(L->size == 0) {
      |       ^~
arraylist.c:39:6: error: invalid use of incomplete typedef ‘List’
   39 |     L->data[0] = dato;
      |      ^~
arraylist.c:40:6: error: invalid use of incomplete typedef ‘List’
   40 |     L->size++;
      |      ^~
arraylist.c:43:16: error: invalid use of incomplete typedef ‘List’
   43 |   for(int i = L->size; i > 0; i--) {
      |                ^~
arraylist.c:44:6: error: invalid use of incomplete typedef ‘List’
   44 |     L->data[i] = L->data[i - 1];
      |      ^~
arraylist.c:44:19: error: invalid use of incomplete typedef ‘List’
   44 |     L->data[i] = L->data[i - 1];
      |                   ^~
arraylist.c:46:4: error: invalid use of incomplete typedef ‘List’
   46 |   L->data[0] = dato;
      |    ^~
arraylist.c:47:4: error: invalid use of incomplete typedef ‘List’
   47 |   L->size++;
      |    ^~
arraylist.c: In function ‘pushBack’:
arraylist.c:51:4: error: invalid use of incomplete typedef ‘List’
   51 |   L->data[L->size] = dato;
      |    ^~
arraylist.c:51:12: error: invalid use of incomplete typedef ‘List’
   51 |   L->data[L->size] = dato;
      |            ^~
arraylist.c:52:4: error: invalid use of incomplete typedef ‘List’
   52 |   L->size++;
      |    ^~
arraylist.c: In function ‘pushCurrent’:
arraylist.c:56:7: error: invalid use of incomplete typedef ‘List’
   56 |   if(L->size == 0) {
      |       ^~
arraylist.c:57:6: error: invalid use of incomplete typedef ‘List’
   57 |     L->data[0] = dato;
      |      ^~
arraylist.c:58:6: error: invalid use of incomplete typedef ‘List’
   58 |     L->size++;
      |      ^~
arraylist.c:61:16: error: invalid use of incomplete typedef ‘List’
   61 |   for(int i = L->size; i > L->current; i--) {
      |                ^~
arraylist.c:61:29: error: invalid use of incomplete typedef ‘List’
   61 |   for(int i = L->size; i > L->current; i--) {
      |                             ^~
arraylist.c:62:6: error: invalid use of incomplete typedef ‘List’
   62 |     L->data[i] = L->data[i - 1];
      |      ^~
arraylist.c:62:19: error: invalid use of incomplete typedef ‘List’
   62 |     L->data[i] = L->data[i - 1];
      |                   ^~
arraylist.c:64:4: error: invalid use of incomplete typedef ‘List’
   64 |   L->data[L->current + 1] = dato;
      |    ^~
arraylist.c:64:12: error: invalid use of incomplete typedef ‘List’
   64 |   L->data[L->current + 1] = dato;
      |            ^~
arraylist.c:65:4: error: invalid use of incomplete typedef ‘List’
   65 |   L->size++;
      |    ^~
arraylist.c: In function ‘popFront’:
arraylist.c:69:7: error: invalid use of incomplete typedef ‘List’
   69 |   if(L->size == 0) {
      |       ^~
arraylist.c:72:17: error: invalid use of incomplete typedef ‘List’
   72 |   void* dato = L->data[0];
      |                 ^~
arraylist.c:73:23: error: invalid use of incomplete typedef ‘List’
   73 |   for(int i = 0; i < L->size - 1; i++) {
      |                       ^~
arraylist.c:74:6: error: invalid use of incomplete typedef ‘List’
   74 |     L->data[i] = L->data[i + 1];
      |      ^~
arraylist.c:74:19: error: invalid use of incomplete typedef ‘List’
   74 |     L->data[i] = L->data[i + 1];
      |                   ^~
arraylist.c:76:4: error: invalid use of incomplete typedef ‘List’
   76 |   L->size--;
      |    ^~
arraylist.c: In function ‘popBack’:
arraylist.c:81:7: error: invalid use of incomplete typedef ‘List’
   81 |   if(L->size == 0) {
      |       ^~
arraylist.c:84:17: error: invalid use of incomplete typedef ‘List’
   84 |   void* dato = L->data[L->size - 1];
      |                 ^~
arraylist.c:84:25: error: invalid use of incomplete typedef ‘List’
   84 |   void* dato = L->data[L->size - 1];
      |                         ^~
arraylist.c:85:4: error: invalid use of incomplete typedef ‘List’
   85 |   L->size--;
      |    ^~
arraylist.c: In function ‘popCurrent’:
arraylist.c:90:7: error: invalid use of incomplete typedef ‘List’
   90 |   if(L->size == 0) {
      |       ^~
arraylist.c:93:17: error: invalid use of incomplete typedef ‘List’
   93 |   void* dato = L->data[L->current];
      |                 ^~
arraylist.c:93:25: error: invalid use of incomplete typedef ‘List’
   93 |   void* dato = L->data[L->current];
      |                         ^~
arraylist.c:94:16: error: invalid use of incomplete typedef ‘List’
   94 |   for(int i = L->current; i < L->size - 1; i++) {
      |                ^~
arraylist.c:94:32: error: invalid use of incomplete typedef ‘List’
   94 |   for(int i = L->current; i < L->size - 1; i++) {
      |                                ^~
arraylist.c:95:6: error: invalid use of incomplete typedef ‘List’
   95 |     L->data[i] = L->data[i + 1];
      |      ^~
arraylist.c:95:19: error: invalid use of incomplete typedef ‘List’
   95 |     L->data[i] = L->data[i + 1];
      |                   ^~
arraylist.c:97:4: error: invalid use of incomplete typedef ‘List’
   97 |   L->size--;
      |    ^~
arraylist.c:98:4: error: invalid use of incomplete typedef ‘List’
   98 |   L->current--;
      |    ^~
arraylist.c: In function ‘get_size’:
arraylist.c:103:11: error: invalid use of incomplete typedef ‘List’
  103 |   return L->size;
      |           ^~
test.c: In function ‘parentesisBalanceados’:
test.c:253:5: error: ‘main’ is normally a non-static function [-Werror=main]
  253 | int main( int argc, char *argv[] ) {
      |     ^~~~
test.c:271:1: error: expected declaration or statement at end of input
  271 | }
      | ^
test.c:271:1: error: expected declaration or statement at end of input
test.c:272: error: control reaches end of non-void function [-Werror=return-type]
In file included from test.c:6:
arraylist.c: In function ‘first’:
arraylist.c:27:1: error: control reaches end of non-void function [-Werror=return-type]
   27 | }
      | ^
At top level:
test.c:253:5: error: ‘main’ defined but not used [-Werror=unused-function]
  253 | int main( int argc, char *argv[] ) {
      |     ^~~~
test.c:37:6: error: ‘info_msg’ defined but not used [-Werror=unused-function]
   37 | void info_msg(char* msg){
      |      ^~~~~~~~
In file included from test.c:6:
arraylist.c:102:5: error: ‘get_size’ defined but not used [-Werror=unused-function]
  102 | int get_size(List *L) {
      |     ^~~~~~~~
arraylist.c:89:7: error: ‘popCurrent’ defined but not used [-Werror=unused-function]
   89 | void* popCurrent(List *L) {
      |       ^~~~~~~~~~
arraylist.c:80:7: error: ‘popBack’ defined but not used [-Werror=unused-function]
   80 | void* popBack(List *L) {
      |       ^~~~~~~
arraylist.c:68:7: error: ‘popFront’ defined but not used [-Werror=unused-function]
   68 | void* popFront(List *L) {
      |       ^~~~~~~~
arraylist.c:55:6: error: ‘pushCurrent’ defined but not used [-Werror=unused-function]
   55 | void pushCurrent(List *L, void *dato) {
      |      ^~~~~~~~~~~
arraylist.c:37:6: error: ‘pushFront’ defined but not used [-Werror=unused-function]
   37 | void pushFront(List *L, void *dato) {
      |      ^~~~~~~~~
cc1: all warnings being treated as errors
Compilation failed
9557036
Wed 20 Mar 2024 03:04:20 PM UTC: 
 exercises.c | 2 ++
 1 file changed, 2 insertions(+)
In file included from test.c:5:
exercises.c: In function ‘parentesisBalanceados’:
exercises.c:130:28: error: expected statement before ‘)’ token
  130 |   while (cadena[i] != '\0'))
      |                            ^
exercises.c:134:23: error: passing argument 2 of ‘push’ makes pointer from integer without a cast [-Werror=int-conversion]
  134 |         push(P, cadena[i]);
      |                 ~~~~~~^~~
      |                       |
      |                       char
In file included from exercises.c:7,
                 from test.c:5:
stack.h:11:31: note: expected ‘void *’ but argument is of type ‘char’
   11 | void push(Stack *stack, void *data) { pushFront(stack, data); }
      |                         ~~~~~~^~~~
In file included from test.c:5:
exercises.c:141:1: error: control reaches end of non-void function [-Werror=return-type]
  141 | }
      | ^
cc1: all warnings being treated as errors
Compilation failed
11b712f
Wed 20 Mar 2024 03:04:42 PM UTC: 
 exercises.c | 3 +--
 1 file changed, 1 insertion(+), 2 deletions(-)
In file included from test.c:5:
exercises.c: In function ‘parentesisBalanceados’:
exercises.c:130:28: error: expected statement before ‘)’ token
  130 |   while (cadena[i] != '\0'))
      |                            ^
exercises.c:134:23: error: passing argument 2 of ‘push’ makes pointer from integer without a cast [-Werror=int-conversion]
  134 |         push(P, cadena[i]);
      |                 ~~~~~~^~~
      |                       |
      |                       char
In file included from exercises.c:7,
                 from test.c:5:
stack.h:11:31: note: expected ‘void *’ but argument is of type ‘char’
   11 | void push(Stack *stack, void *data) { pushFront(stack, data); }
      |                         ~~~~~~^~~~
cc1: all warnings being treated as errors
Compilation failed
5298025
Wed 20 Mar 2024 03:05:21 PM UTC: 
 exercises.c | 2 +-
 1 file changed, 1 insertion(+), 1 deletion(-)
In file included from test.c:5:
exercises.c: In function ‘parentesisBalanceados’:
exercises.c:134:23: error: passing argument 2 of ‘push’ makes pointer from integer without a cast [-Werror=int-conversion]
  134 |         push(P, cadena[i]);
      |                 ~~~~~~^~~
      |                       |
      |                       char
In file included from exercises.c:7,
                 from test.c:5:
stack.h:11:31: note: expected ‘void *’ but argument is of type ‘char’
   11 | void push(Stack *stack, void *data) { pushFront(stack, data); }
      |                         ~~~~~~^~~~
cc1: all warnings being treated as errors
Compilation failed
21148d0
Wed 20 Mar 2024 03:05:53 PM UTC: 
 exercises.c | 2 +-
 1 file changed, 1 insertion(+), 1 deletion(-)
In file included from test.c:5:
exercises.c: In function ‘parentesisBalanceados’:
exercises.c:134:23: error: passing argument 2 of ‘push’ makes pointer from integer without a cast [-Werror=int-conversion]
  134 |         push(P, cadena[i]);
      |                 ~~~~~~^~~
      |                       |
      |                       char
In file included from exercises.c:7,
                 from test.c:5:
stack.h:11:31: note: expected ‘void *’ but argument is of type ‘char’
   11 | void push(Stack *stack, void *data) { pushFront(stack, data); }
      |                         ~~~~~~^~~~
In file included from test.c:5:
exercises.c:135:7: error: expected ‘}’ before ‘else’
  135 |       else if (cadena[i + 1] == ')')
      |       ^~~~
exercises.c: At top level:
exercises.c:139:3: error: expected identifier or ‘(’ before ‘return’
  139 |   return 0;
      |   ^~~~~~
exercises.c:140:1: error: expected identifier or ‘(’ before ‘}’ token
  140 | }
      | ^
exercises.c: In function ‘parentesisBalanceados’:
exercises.c:138:5: error: control reaches end of non-void function [-Werror=return-type]
  138 |     }
      |     ^
cc1: all warnings being treated as errors
Compilation failed
6b3eb07
Wed 20 Mar 2024 03:06:04 PM UTC: 
 exercises.c | 3 +--
 1 file changed, 1 insertion(+), 2 deletions(-)
In file included from test.c:5:
exercises.c: In function ‘parentesisBalanceados’:
exercises.c:133:23: error: passing argument 2 of ‘push’ makes pointer from integer without a cast [-Werror=int-conversion]
  133 |         push(P, cadena[i]);
      |                 ~~~~~~^~~
      |                       |
      |                       char
In file included from exercises.c:7,
                 from test.c:5:
stack.h:11:31: note: expected ‘void *’ but argument is of type ‘char’
   11 | void push(Stack *stack, void *data) { pushFront(stack, data); }
      |                         ~~~~~~^~~~
cc1: all warnings being treated as errors
Compilation failed
e5749cd
Wed 20 Mar 2024 03:06:12 PM UTC: 
 exercises.c | 1 +
 1 file changed, 1 insertion(+)
In file included from test.c:5:
exercises.c: In function ‘parentesisBalanceados’:
exercises.c:133:23: error: passing argument 2 of ‘push’ makes pointer from integer without a cast [-Werror=int-conversion]
  133 |         push(P, cadena[i]);
      |                 ~~~~~~^~~
      |                       |
      |                       char
In file included from exercises.c:7,
                 from test.c:5:
stack.h:11:31: note: expected ‘void *’ but argument is of type ‘char’
   11 | void push(Stack *stack, void *data) { pushFront(stack, data); }
      |                         ~~~~~~^~~~
cc1: all warnings being treated as errors
Compilation failed
eeddd79
Wed 20 Mar 2024 03:06:59 PM UTC: 
 exercises.c | 4 ++--
 1 file changed, 2 insertions(+), 2 deletions(-)
In file included from test.c:5:
exercises.c: In function ‘parentesisBalanceados’:
exercises.c:133:23: error: passing argument 2 of ‘push’ makes pointer from integer without a cast [-Werror=int-conversion]
  133 |         push(P, cadena[i]);
      |                 ~~~~~~^~~
      |                       |
      |                       char
In file included from exercises.c:7,
                 from test.c:5:
stack.h:11:31: note: expected ‘void *’ but argument is of type ‘char’
   11 | void push(Stack *stack, void *data) { pushFront(stack, data); }
      |                         ~~~~~~^~~~
cc1: all warnings being treated as errors
Compilation failed
fae4ddf
Wed 20 Mar 2024 03:15:36 PM UTC: 
 exercises.c | 19 ++++++++-----------
 1 file changed, 8 insertions(+), 11 deletions(-)
In file included from test.c:5:
exercises.c:136:1: error: expected identifier or ‘(’ before ‘}’ token
  136 | }
      | ^
Compilation failed
81975cb
Wed 20 Mar 2024 03:16:07 PM UTC: 
 exercises.c | 3 ++-
 1 file changed, 2 insertions(+), 1 deletion(-)
test.c: In function ‘test_parentesis_balanceados’:
test.c:217:9: error: implicit declaration of function ‘parentesisBalanceados’; did you mean ‘test_parentesis_balanceados’? [-Werror=implicit-function-declaration]
  217 |     if(!parentesisBalanceados(s)){
      |         ^~~~~~~~~~~~~~~~~~~~~
      |         test_parentesis_balanceados
cc1: all warnings being treated as errors
Compilation failed
d7ac4f4
Wed 20 Mar 2024 03:16:19 PM UTC: 
 exercises.c | 4 ++--
 1 file changed, 2 insertions(+), 2 deletions(-)
In file included from test.c:6:
arraylist.c: In function ‘create_list’:
arraylist.c:15:34: error: invalid application of ‘sizeof’ to incomplete type ‘List’
   15 |   List* L = (List*)malloc(sizeof(List));
      |                                  ^~~~
arraylist.c:16:4: error: invalid use of incomplete typedef ‘List’
   16 |   L->current = 0;
      |    ^~
arraylist.c:17:4: error: invalid use of incomplete typedef ‘List’
   17 |   L->size = 0;
      |    ^~
arraylist.c: In function ‘first’:
arraylist.c:22:7: error: invalid use of incomplete typedef ‘List’
   22 |   if(L->size == 0) {
      |       ^~
arraylist.c:25:4: error: invalid use of incomplete typedef ‘List’
   25 |   L->current = 0;
      |    ^~
arraylist.c:26:11: error: invalid use of incomplete typedef ‘List’
   26 |   return L->data[L->current];
      |           ^~
arraylist.c:26:19: error: invalid use of incomplete typedef ‘List’
   26 |   return L->data[L->current];
      |                   ^~
arraylist.c: In function ‘next’:
arraylist.c:30:7: error: invalid use of incomplete typedef ‘List’
   30 |   if(L->current < L->size - 1) {
      |       ^~
arraylist.c:30:20: error: invalid use of incomplete typedef ‘List’
   30 |   if(L->current < L->size - 1) {
      |                    ^~
arraylist.c:31:6: error: invalid use of incomplete typedef ‘List’
   31 |     L->current++;
      |      ^~
arraylist.c:32:13: error: invalid use of incomplete typedef ‘List’
   32 |     return L->data[L->current];
      |             ^~
arraylist.c:32:21: error: invalid use of incomplete typedef ‘List’
   32 |     return L->data[L->current];
      |                     ^~
arraylist.c: In function ‘pushFront’:
arraylist.c:38:7: error: invalid use of incomplete typedef ‘List’
   38 |   if(L->size == 0) {
      |       ^~
arraylist.c:39:6: error: invalid use of incomplete typedef ‘List’
   39 |     L->data[0] = dato;
      |      ^~
arraylist.c:40:6: error: invalid use of incomplete typedef ‘List’
   40 |     L->size++;
      |      ^~
arraylist.c:43:16: error: invalid use of incomplete typedef ‘List’
   43 |   for(int i = L->size; i > 0; i--) {
      |                ^~
arraylist.c:44:6: error: invalid use of incomplete typedef ‘List’
   44 |     L->data[i] = L->data[i - 1];
      |      ^~
arraylist.c:44:19: error: invalid use of incomplete typedef ‘List’
   44 |     L->data[i] = L->data[i - 1];
      |                   ^~
arraylist.c:46:4: error: invalid use of incomplete typedef ‘List’
   46 |   L->data[0] = dato;
      |    ^~
arraylist.c:47:4: error: invalid use of incomplete typedef ‘List’
   47 |   L->size++;
      |    ^~
arraylist.c: In function ‘pushBack’:
arraylist.c:51:4: error: invalid use of incomplete typedef ‘List’
   51 |   L->data[L->size] = dato;
      |    ^~
arraylist.c:51:12: error: invalid use of incomplete typedef ‘List’
   51 |   L->data[L->size] = dato;
      |            ^~
arraylist.c:52:4: error: invalid use of incomplete typedef ‘List’
   52 |   L->size++;
      |    ^~
arraylist.c: In function ‘pushCurrent’:
arraylist.c:56:7: error: invalid use of incomplete typedef ‘List’
   56 |   if(L->size == 0) {
      |       ^~
arraylist.c:57:6: error: invalid use of incomplete typedef ‘List’
   57 |     L->data[0] = dato;
      |      ^~
arraylist.c:58:6: error: invalid use of incomplete typedef ‘List’
   58 |     L->size++;
      |      ^~
arraylist.c:61:16: error: invalid use of incomplete typedef ‘List’
   61 |   for(int i = L->size; i > L->current; i--) {
      |                ^~
arraylist.c:61:29: error: invalid use of incomplete typedef ‘List’
   61 |   for(int i = L->size; i > L->current; i--) {
      |                             ^~
arraylist.c:62:6: error: invalid use of incomplete typedef ‘List’
   62 |     L->data[i] = L->data[i - 1];
      |      ^~
arraylist.c:62:19: error: invalid use of incomplete typedef ‘List’
   62 |     L->data[i] = L->data[i - 1];
      |                   ^~
arraylist.c:64:4: error: invalid use of incomplete typedef ‘List’
   64 |   L->data[L->current + 1] = dato;
      |    ^~
arraylist.c:64:12: error: invalid use of incomplete typedef ‘List’
   64 |   L->data[L->current + 1] = dato;
      |            ^~
arraylist.c:65:4: error: invalid use of incomplete typedef ‘List’
   65 |   L->size++;
      |    ^~
arraylist.c: In function ‘popFront’:
arraylist.c:69:7: error: invalid use of incomplete typedef ‘List’
   69 |   if(L->size == 0) {
      |       ^~
arraylist.c:72:17: error: invalid use of incomplete typedef ‘List’
   72 |   void* dato = L->data[0];
      |                 ^~
arraylist.c:73:23: error: invalid use of incomplete typedef ‘List’
   73 |   for(int i = 0; i < L->size - 1; i++) {
      |                       ^~
arraylist.c:74:6: error: invalid use of incomplete typedef ‘List’
   74 |     L->data[i] = L->data[i + 1];
      |      ^~
arraylist.c:74:19: error: invalid use of incomplete typedef ‘List’
   74 |     L->data[i] = L->data[i + 1];
      |                   ^~
arraylist.c:76:4: error: invalid use of incomplete typedef ‘List’
   76 |   L->size--;
      |    ^~
arraylist.c: In function ‘popBack’:
arraylist.c:81:7: error: invalid use of incomplete typedef ‘List’
   81 |   if(L->size == 0) {
      |       ^~
arraylist.c:84:17: error: invalid use of incomplete typedef ‘List’
   84 |   void* dato = L->data[L->size - 1];
      |                 ^~
arraylist.c:84:25: error: invalid use of incomplete typedef ‘List’
   84 |   void* dato = L->data[L->size - 1];
      |                         ^~
arraylist.c:85:4: error: invalid use of incomplete typedef ‘List’
   85 |   L->size--;
      |    ^~
arraylist.c: In function ‘popCurrent’:
arraylist.c:90:7: error: invalid use of incomplete typedef ‘List’
   90 |   if(L->size == 0) {
      |       ^~
arraylist.c:93:17: error: invalid use of incomplete typedef ‘List’
   93 |   void* dato = L->data[L->current];
      |                 ^~
arraylist.c:93:25: error: invalid use of incomplete typedef ‘List’
   93 |   void* dato = L->data[L->current];
      |                         ^~
arraylist.c:94:16: error: invalid use of incomplete typedef ‘List’
   94 |   for(int i = L->current; i < L->size - 1; i++) {
      |                ^~
arraylist.c:94:32: error: invalid use of incomplete typedef ‘List’
   94 |   for(int i = L->current; i < L->size - 1; i++) {
      |                                ^~
arraylist.c:95:6: error: invalid use of incomplete typedef ‘List’
   95 |     L->data[i] = L->data[i + 1];
      |      ^~
arraylist.c:95:19: error: invalid use of incomplete typedef ‘List’
   95 |     L->data[i] = L->data[i + 1];
      |                   ^~
arraylist.c:97:4: error: invalid use of incomplete typedef ‘List’
   97 |   L->size--;
      |    ^~
arraylist.c:98:4: error: invalid use of incomplete typedef ‘List’
   98 |   L->current--;
      |    ^~
arraylist.c: In function ‘get_size’:
arraylist.c:103:11: error: invalid use of incomplete typedef ‘List’
  103 |   return L->size;
      |           ^~
test.c: In function ‘parentesisBalanceados’:
test.c:253:5: error: ‘main’ is normally a non-static function [-Werror=main]
  253 | int main( int argc, char *argv[] ) {
      |     ^~~~
test.c:271:1: error: expected declaration or statement at end of input
  271 | }
      | ^
test.c:272: error: control reaches end of non-void function [-Werror=return-type]
In file included from test.c:6:
arraylist.c: In function ‘first’:
arraylist.c:27:1: error: control reaches end of non-void function [-Werror=return-type]
   27 | }
      | ^
At top level:
test.c:253:5: error: ‘main’ defined but not used [-Werror=unused-function]
  253 | int main( int argc, char *argv[] ) {
      |     ^~~~
test.c:37:6: error: ‘info_msg’ defined but not used [-Werror=unused-function]
   37 | void info_msg(char* msg){
      |      ^~~~~~~~
In file included from test.c:6:
arraylist.c:102:5: error: ‘get_size’ defined but not used [-Werror=unused-function]
  102 | int get_size(List *L) {
      |     ^~~~~~~~
arraylist.c:89:7: error: ‘popCurrent’ defined but not used [-Werror=unused-function]
   89 | void* popCurrent(List *L) {
      |       ^~~~~~~~~~
arraylist.c:80:7: error: ‘popBack’ defined but not used [-Werror=unused-function]
   80 | void* popBack(List *L) {
      |       ^~~~~~~
arraylist.c:68:7: error: ‘popFront’ defined but not used [-Werror=unused-function]
   68 | void* popFront(List *L) {
      |       ^~~~~~~~
arraylist.c:55:6: error: ‘pushCurrent’ defined but not used [-Werror=unused-function]
   55 | void pushCurrent(List *L, void *dato) {
      |      ^~~~~~~~~~~
arraylist.c:37:6: error: ‘pushFront’ defined but not used [-Werror=unused-function]
   37 | void pushFront(List *L, void *dato) {
      |      ^~~~~~~~~
cc1: all warnings being treated as errors
Compilation failed
b3c5460
Wed 20 Mar 2024 03:16:26 PM UTC: 
 exercises.c | 4 ++--
 1 file changed, 2 insertions(+), 2 deletions(-)
In file included from test.c:5:
exercises.c: In function ‘parentesisBalanceados’:
exercises.c:136:1: error: control reaches end of non-void function [-Werror=return-type]
  136 | }
      | ^
cc1: all warnings being treated as errors
Compilation failed
c872e89
Wed 20 Mar 2024 03:16:48 PM UTC: 
 exercises.c | 4 ++--
 1 file changed, 2 insertions(+), 2 deletions(-)
In file included from test.c:6:
arraylist.c: In function ‘parentesisBalanceados’:
arraylist.c:6:1: error: empty declaration [-Werror]
    6 | struct List {
      | ^~~~~~
arraylist.c:12:14: error: storage class specified for parameter ‘List’
   12 | typedef List List;
      |              ^~~~
arraylist.c:14:1: error: expected declaration specifiers before ‘List’
   14 | List* create_list() {
      | ^~~~
arraylist.c:21:13: error: expected declaration specifiers or ‘...’ before ‘List’
   21 | void* first(List *L) {
      |             ^~~~
arraylist.c:29:12: error: expected declaration specifiers or ‘...’ before ‘List’
   29 | void* next(List *L) {
      |            ^~~~
arraylist.c:37:16: error: expected declaration specifiers or ‘...’ before ‘List’
   37 | void pushFront(List *L, void *dato) {
      |                ^~~~
arraylist.c:50:15: error: expected declaration specifiers or ‘...’ before ‘List’
   50 | void pushBack(List *L, void *dato) {
      |               ^~~~
arraylist.c:55:18: error: expected declaration specifiers or ‘...’ before ‘List’
   55 | void pushCurrent(List *L, void *dato) {
      |                  ^~~~
arraylist.c:68:16: error: expected declaration specifiers or ‘...’ before ‘List’
   68 | void* popFront(List *L) {
      |                ^~~~
arraylist.c:80:15: error: expected declaration specifiers or ‘...’ before ‘List’
   80 | void* popBack(List *L) {
      |               ^~~~
arraylist.c:89:18: error: expected declaration specifiers or ‘...’ before ‘List’
   89 | void* popCurrent(List *L) {
      |                  ^~~~
arraylist.c:102:14: error: expected declaration specifiers or ‘...’ before ‘List’
  102 | int get_size(List *L) {
      |              ^~~~
test.c:9:35: error: expected ‘=’, ‘,’, ‘;’, ‘asm’ or ‘__attribute__’ before ‘{’ token
    9 | char * _strdup2(const char * str) {
      |                                   ^
test.c:16:1: error: parameter ‘test_id’ is initialized
   16 | int test_id = -1;
      | ^~~
test.c:19:14: error: expected ‘=’, ‘,’, ‘;’, ‘asm’ or ‘__attribute__’ before ‘{’ token
   19 | int success(){
      |              ^
test.c:24:24: error: expected ‘=’, ‘,’, ‘;’, ‘asm’ or ‘__attribute__’ before ‘{’ token
   24 | void err_msg(char* msg){
      |                        ^
test.c:31:23: error: expected ‘=’, ‘,’, ‘;’, ‘asm’ or ‘__attribute__’ before ‘{’ token
   31 | void ok_msg(char* msg){
      |                       ^
test.c:37:25: error: expected ‘=’, ‘,’, ‘;’, ‘asm’ or ‘__attribute__’ before ‘{’ token
   37 | void info_msg(char* msg){
      |                         ^
test.c:42:75: error: expected ‘=’, ‘,’, ‘;’, ‘asm’ or ‘__attribute__’ before ‘{’ token
   42 | int test_suite(int(*test)(), char* msg, int max_score, int id, int req_id){
      |                                                                           ^
test.c:60:22: error: expected ‘=’, ‘,’, ‘;’, ‘asm’ or ‘__attribute__’ before ‘{’ token
   60 | int test_crea_lista(){
      |                      ^
test.c:84:22: error: expected ‘=’, ‘,’, ‘;’, ‘asm’ or ‘__attribute__’ before ‘{’ token
   84 | int test_suma_lista(){
      |                      ^
test.c:112:28: error: expected ‘=’, ‘,’, ‘;’, ‘asm’ or ‘__attribute__’ before ‘{’ token
  112 | int test_elimina_elemento(){
      |                            ^
test.c:158:22: error: expected ‘=’, ‘,’, ‘;’, ‘asm’ or ‘__attribute__’ before ‘{’ token
  158 | int test_copia_pila(){
      |                      ^
test.c:214:34: error: expected ‘=’, ‘,’, ‘;’, ‘asm’ or ‘__attribute__’ before ‘{’ token
  214 | int test_parentesis_balanceados(){
      |                                  ^
test.c:253:36: error: expected ‘=’, ‘,’, ‘;’, ‘asm’ or ‘__attribute__’ before ‘{’ token
  253 | int main( int argc, char *argv[] ) {
      |                                    ^
In file included from test.c:5:
exercises.c:125:5: error: old-style parameter declarations in prototyped function definition
  125 | int parentesisBalanceados(char *cadena)
      |     ^~~~~~~~~~~~~~~~~~~~~
test.c:272: error: expected ‘{’ at end of input
test.c:272: error: control reaches end of non-void function [-Werror=return-type]
cc1: all warnings being treated as errors
Compilation failed
7e4d531
Wed 20 Mar 2024 03:17:01 PM UTC: 
 exercises.c | 3 +++
 1 file changed, 3 insertions(+)
 tests:  4|1
total_score: 50/70
f2c79e0
Sat 23 Mar 2024 07:52:50 PM UTC: 
 exercises.c | 23 ++++++++++++++---------
 1 file changed, 14 insertions(+), 9 deletions(-)
In file included from test.c:5:
exercises.c: In function ‘parentesisBalanceados’:
exercises.c:128:8: error: array size missing in ‘temp’
  128 |   char temp[];
      |        ^~~~
exercises.c:133:20: error: passing argument 1 of ‘push’ makes pointer from integer without a cast [-Werror=int-conversion]
  133 |         push(cadena[i], temp[i]);
      |              ~~~~~~^~~
      |                    |
      |                    char
In file included from exercises.c:7,
                 from test.c:5:
stack.h:11:18: note: expected ‘Stack *’ {aka ‘List *’} but argument is of type ‘char’
   11 | void push(Stack *stack, void *data) { pushFront(stack, data); }
      |           ~~~~~~~^~~~~
In file included from test.c:5:
exercises.c:133:29: error: passing argument 2 of ‘push’ makes pointer from integer without a cast [-Werror=int-conversion]
  133 |         push(cadena[i], temp[i]);
      |                         ~~~~^~~
      |                             |
      |                             char
In file included from exercises.c:7,
                 from test.c:5:
stack.h:11:31: note: expected ‘void *’ but argument is of type ‘char’
   11 | void push(Stack *stack, void *data) { pushFront(stack, data); }
      |                         ~~~~~~^~~~
cc1: all warnings being treated as errors
Compilation failed
051f74a
Sat 23 Mar 2024 07:53:00 PM UTC: 
 exercises.c | 2 +-
 1 file changed, 1 insertion(+), 1 deletion(-)
In file included from test.c:5:
exercises.c: In function ‘parentesisBalanceados’:
exercises.c:128:8: error: array size missing in ‘temp’
  128 |   char temp[];
      |        ^~~~
exercises.c:133:20: error: passing argument 1 of ‘push’ makes pointer from integer without a cast [-Werror=int-conversion]
  133 |         push(cadena[i], temp);
      |              ~~~~~~^~~
      |                    |
      |                    char
In file included from exercises.c:7,
                 from test.c:5:
stack.h:11:18: note: expected ‘Stack *’ {aka ‘List *’} but argument is of type ‘char’
   11 | void push(Stack *stack, void *data) { pushFront(stack, data); }
      |           ~~~~~~~^~~~~
cc1: all warnings being treated as errors
Compilation failed
e3a4343
Sat 23 Mar 2024 07:53:09 PM UTC: 
 exercises.c | 2 +-
 1 file changed, 1 insertion(+), 1 deletion(-)
In file included from test.c:5:
exercises.c: In function ‘parentesisBalanceados’:
exercises.c:128:8: error: array size missing in ‘temp’
  128 |   char temp[];
      |        ^~~~
exercises.c:133:14: error: passing argument 1 of ‘push’ from incompatible pointer type [-Werror=incompatible-pointer-types]
  133 |         push(cadena, temp);
      |              ^~~~~~
      |              |
      |              char *
In file included from exercises.c:7,
                 from test.c:5:
stack.h:11:18: note: expected ‘Stack *’ {aka ‘List *’} but argument is of type ‘char *’
   11 | void push(Stack *stack, void *data) { pushFront(stack, data); }
      |           ~~~~~~~^~~~~
cc1: all warnings being treated as errors
Compilation failed
0c811b6
Sat 23 Mar 2024 07:53:22 PM UTC: 
 exercises.c | 2 +-
 1 file changed, 1 insertion(+), 1 deletion(-)
In file included from test.c:5:
exercises.c: In function ‘parentesisBalanceados’:
exercises.c:133:14: error: passing argument 1 of ‘push’ from incompatible pointer type [-Werror=incompatible-pointer-types]
  133 |         push(cadena, temp);
      |              ^~~~~~
      |              |
      |              char *
In file included from exercises.c:7,
                 from test.c:5:
stack.h:11:18: note: expected ‘Stack *’ {aka ‘List *’} but argument is of type ‘char *’
   11 | void push(Stack *stack, void *data) { pushFront(stack, data); }
      |           ~~~~~~~^~~~~
cc1: all warnings being treated as errors
Compilation failed
24dff89
Sat 23 Mar 2024 07:58:16 PM UTC: 
 exercises.c | 14 +++++++-------
 1 file changed, 7 insertions(+), 7 deletions(-)
In file included from test.c:5:
exercises.c: In function ‘parentesisBalanceados’:
exercises.c:136:26: error: passing argument 2 of ‘push’ makes pointer from integer without a cast [-Werror=int-conversion]
  136 |         push(pAux, cadena[i]);
      |                    ~~~~~~^~~
      |                          |
      |                          char
In file included from exercises.c:7,
                 from test.c:5:
stack.h:11:31: note: expected ‘void *’ but argument is of type ‘char’
   11 | void push(Stack *stack, void *data) { pushFront(stack, data); }
      |                         ~~~~~~^~~~
cc1: all warnings being treated as errors
Compilation failed
1838b7d
Sat 23 Mar 2024 07:58:48 PM UTC: 
 exercises.c | 2 +-
 1 file changed, 1 insertion(+), 1 deletion(-)
In file included from test.c:5:
exercises.c: In function ‘parentesisBalanceados’:
exercises.c:136:14: error: passing argument 1 of ‘push’ from incompatible pointer type [-Werror=incompatible-pointer-types]
  136 |         push(&pAux, cadena[i]);
      |              ^~~~~
      |              |
      |              Stack ** {aka List **}
In file included from exercises.c:7,
                 from test.c:5:
stack.h:11:18: note: expected ‘Stack *’ {aka ‘List *’} but argument is of type ‘Stack **’ {aka ‘List **’}
   11 | void push(Stack *stack, void *data) { pushFront(stack, data); }
      |           ~~~~~~~^~~~~
In file included from test.c:5:
exercises.c:136:27: error: passing argument 2 of ‘push’ makes pointer from integer without a cast [-Werror=int-conversion]
  136 |         push(&pAux, cadena[i]);
      |                     ~~~~~~^~~
      |                           |
      |                           char
In file included from exercises.c:7,
                 from test.c:5:
stack.h:11:31: note: expected ‘void *’ but argument is of type ‘char’
   11 | void push(Stack *stack, void *data) { pushFront(stack, data); }
      |                         ~~~~~~^~~~
cc1: all warnings being treated as errors
Compilation failed
3fec7dd
Sat 23 Mar 2024 08:00:32 PM UTC: 
 exercises.c | 4 +++-
 1 file changed, 3 insertions(+), 1 deletion(-)
In file included from test.c:5:
exercises.c: In function ‘parentesisBalanceados’:
exercises.c:137:31: error: expected expression before ‘||’ token
  137 |         if (cadena[i] == ')') || (cadena[i] == ']') || (cadena[i] == '}')
      |                               ^~
Compilation failed
65521d1
